\BOOKMARK [1][-]{section.1}{Inledning}{}% 1
\BOOKMARK [1][-]{section.2}{Bakgrund}{}% 2
\BOOKMARK [2][-]{subsection.2.1}{Agil utveckling}{section.2}% 3
\BOOKMARK [2][-]{subsection.2.2}{Scrum som ramverk}{section.2}% 4
\BOOKMARK [2][-]{subsection.2.3}{Skalning av agil utveckling}{section.2}% 5
\BOOKMARK [1][-]{section.3}{Metodik, material och syfte}{}% 6
\BOOKMARK [2][-]{subsection.3.1}{Syfte}{section.3}% 7
\BOOKMARK [2][-]{subsection.3.2}{Avgr\344nsning}{section.3}% 8
\BOOKMARK [2][-]{subsection.3.3}{Material och metoder}{section.3}% 9
\BOOKMARK [1][-]{section.4}{Ramverk f\366r skalning av agil utveckling}{}% 10
\BOOKMARK [2][-]{subsection.4.1}{Large-Scale Scrum}{section.4}% 11
\BOOKMARK [2][-]{subsection.4.2}{Scaled Agile Framework}{section.4}% 12
\BOOKMARK [2][-]{subsection.4.3}{Disciplined Agile}{section.4}% 13
\BOOKMARK [2][-]{subsection.4.4}{J\344mf\366relse}{section.4}% 14
\BOOKMARK [2][-]{subsection.4.5}{Fallstudier}{section.4}% 15
\BOOKMARK [3][-]{subsubsection.4.5.1}{Branscher - Data}{subsection.4.5}% 16
\BOOKMARK [3][-]{subsubsection.4.5.2}{Branscher - Slutsatser}{subsection.4.5}% 17
\BOOKMARK [2][-]{subsection.4.6}{Popularitet och adoption}{section.4}% 18
\BOOKMARK [1][-]{section.5}{Analys}{}% 19
\BOOKMARK [2][-]{subsection.5.1}{J\344mf\366relse}{section.5}% 20
\BOOKMARK [2][-]{subsection.5.2}{Anv\344ndningsomr\345den}{section.5}% 21
\BOOKMARK [2][-]{subsection.5.3}{Diskussion och fortsatt forskning}{section.5}% 22
\BOOKMARK [1][-]{subsection.5.3}{Referenser}{}% 23
